0 info it worked if it ends with ok
1 verbose cli [ 'node', '/usr/local/bin/npm', 'run', 'setup' ]
2 info using npm@2.11.2
3 info using node@v0.12.5
4 verbose run-script [ 'presetup', 'setup', 'postsetup' ]
5 info presetup general-styleguide@1.0.0
6 info setup general-styleguide@1.0.0
7 verbose unsafe-perm in lifecycle true
8 info general-styleguide@1.0.0 Failed to exec setup script
9 verbose stack Error: general-styleguide@1.0.0 setup: `sudo gem install bundler && bundle install && npm install`
9 verbose stack Exit status 2
9 verbose stack     at EventEmitter.<anonymous> (/usr/local/lib/node_modules/npm/lib/utils/lifecycle.js:213:16)
9 verbose stack     at EventEmitter.emit (events.js:110:17)
9 verbose stack     at ChildProcess.<anonymous> (/usr/local/lib/node_modules/npm/lib/utils/spawn.js:24:14)
9 verbose stack     at ChildProcess.emit (events.js:110:17)
9 verbose stack     at maybeClose (child_process.js:1015:16)
9 verbose stack     at Process.ChildProcess._handle.onexit (child_process.js:1087:5)
10 verbose pkgid general-styleguide@1.0.0
11 verbose cwd /Users/patrick/Personal/styleguide
12 error Darwin 15.0.0
13 error argv "node" "/usr/local/bin/npm" "run" "setup"
14 error node v0.12.5
15 error npm  v2.11.2
16 error code ELIFECYCLE
17 error general-styleguide@1.0.0 setup: `sudo gem install bundler && bundle install && npm install`
17 error Exit status 2
18 error Failed at the general-styleguide@1.0.0 setup script 'sudo gem install bundler && bundle install && npm install'.
18 error This is most likely a problem with the general-styleguide package,
18 error not with npm itself.
18 error Tell the author that this fails on your system:
18 error     sudo gem install bundler && bundle install && npm install
18 error You can get their info via:
18 error     npm owner ls general-styleguide
18 error There is likely additional logging output above.
19 verbose exit [ 1, true ]
